<?xml version="1.0" encoding="UTF-8"?>
<!-- Generated by org.testng.reporters.JUnitXMLReporter -->
<testsuite hostname="DESKTOP-Q9P1D2I" ignored="0" name="SimpleExample" tests="3" failures="0" timestamp="31 Mar 2019 20:47:25 GMT" time="16.744" errors="0">
  <testcase name="assureThatIfWeClickImLuckyButtonWeWillGoDirectlyToSite" time="1.596" classname="tests.GoogleSearchTest"/>
  <testcase name="assureThatIfWeGetBackToSearchPageThenSearchFieldIsEmpty" time="2.493" classname="tests.GoogleSearchTest"/>
  <testcase name="assureThatItIsPossibleToSearchAndViewResultsInGoogle" time="4.778" classname="tests.GoogleSearchTest"/>
</testsuite> <!-- SimpleExample -->
